<?xml version="1.0" encoding="UTF-8"?>
<testsuite xmlns:xsi="http://www.w3.org/2001/XMLSchema-instance" xsi:noNamespaceSchemaLocation="https://maven.apache.org/surefire/maven-surefire-plugin/xsd/surefire-test-report-3.0.xsd" version="3.0" name="TestSuite" time="100.335" tests="1" errors="0" skipped="0" failures="0">
  <properties>
[...]
</properties>
  <testcase name="testAddProductToCart" classname="com.periplus.tests.ShoppingCartTest" time="93.108">
    <system-out><![CDATA[Browser started.
Opened login page.
Logged in. URL: https://www.periplus.com/_index_/index
Opened home page.
Searched for: Harry Potter
Clicked first product. URL: https://www.periplus.com/p/9798886633849/harry-potter-hedwig-plush-journal?filter_name=Harry%20Potter
Product name: Harry Potter: Hedwig Plush Journal
Clicked Add to Cart.
No success alert; continuing to cart verification.
Opened cart page.
PASS: 'Harry Potter: Hedwig Plush Journal' successfully added to cart.
]]></system-out>
    <system-err><![CDATA[SLF4J(W): No SLF4J providers were found.
SLF4J(W): Defaulting to no-operation (NOP) logger implementation
SLF4J(W): See https://www.slf4j.org/codes.html#noProviders for further details.
Apr 04, 2026 11:11:29 PM org.openqa.selenium.devtools.CdpVersionFinder findNearestMatch
WARNING: Unable to find CDP implementation matching 146
Apr 04, 2026 11:11:29 PM org.openqa.selenium.chromium.ChromiumDriver lambda$new$5
WARNING: Unable to find version of CDP to use for 146.0.7680.178. You may need to include a dependency on a specific version of the CDP using something similar to `org.seleniumhq.selenium:selenium-devtools-v86:4.18.1` where the version ("v86") matches the version of the chromium-based browser you're using and the version number of the artifact is the same as Selenium's.
]]></system-err>
  </testcase>
</testsuite>